<?xml version="1.0" encoding="UTF-8"?>
<!-- Generated by org.testng.reporters.JUnitReportReporter -->
<testsuite hostname="ADMIN" failures="0" tests="2" name="Flipkart.test" time="9.460" errors="0" timestamp="2020-08-01T10:51:21 IST" skipped="1">
  <testcase classname="Flipkart.test" name="LoginTest" time="9.460"/>
  <system-out/>
  <testcase classname="Flipkart.test" name="SearchCameraTest">
    <skipped/>
  </testcase> <!-- SearchCameraTest -->
  <system-out/>
</testsuite> <!-- Flipkart.test -->
